<?xml version="1.0" encoding="UTF-8"?>
<!-- Generated by org.testng.reporters.JUnitReportReporter -->
<testsuite skipped="0" hostname="Nikhil" name="Com.TestCase_Class.Tace_Case" tests="6" failures="0" timestamp="2022-07-18T10:47:24 IST" time="215.983" errors="0">
  <testcase name="MoviesSearch" time="26.128" classname="Com.TestCase_Class.Tace_Case"/>
  <system-out/>
  <testcase name="ResultText" time="25.846" classname="Com.TestCase_Class.Tace_Case"/>
  <system-out/>
  <testcase name="clicklink" time="33.373" classname="Com.TestCase_Class.Tace_Case"/>
  <system-out/>
  <testcase name="Textverify" time="34.564" classname="Com.TestCase_Class.Tace_Case"/>
  <system-out/>
  <testcase name="mpaaRating" time="34.037" classname="Com.TestCase_Class.Tace_Case"/>
  <system-out/>
  <testcase name="DirName" time="62.035" classname="Com.TestCase_Class.Tace_Case"/>
  <system-out/>
</testsuite> <!-- Com.TestCase_Class.Tace_Case -->
